nohup: ignoring input
warning: No `requires-python` value found in the workspace. Defaulting to `>=3.14`.
2026-03-24 13:03:34,942 - __main__ - INFO - Bot started! Press Ctrl+C to stop.
2026-03-24 13:03:35,424 - httpx - INFO - HTTP Request: POST https://api.telegram.org/bot8765987972:AAGa_S2CJ7BEd-FRbepslem8cPA3y3xZTwY/getMe "HTTP/1.1 200 OK"
2026-03-24 13:03:35,509 - httpx - INFO - HTTP Request: POST https://api.telegram.org/bot8765987972:AAGa_S2CJ7BEd-FRbepslem8cPA3y3xZTwY/deleteWebhook "HTTP/1.1 200 OK"
2026-03-24 13:03:35,512 - telegram.ext.Application - INFO - Application started
2026-03-24 13:03:46,111 - httpx - INFO - HTTP Request: POST https://api.telegram.org/bot8765987972:AAGa_S2CJ7BEd-FRbepslem8cPA3y3xZTwY/getUpdates "HTTP/1.1 200 OK"
2026-03-24 13:03:56,198 - httpx - INFO - HTTP Request: POST https://api.telegram.org/bot8765987972:AAGa_S2CJ7BEd-FRbepslem8cPA3y3xZTwY/getUpdates "HTTP/1.1 200 OK"
2026-03-24 13:04:06,286 - httpx - INFO - HTTP Request: POST https://api.telegram.org/bot8765987972:AAGa_S2CJ7BEd-FRbepslem8cPA3y3xZTwY/getUpdates "HTTP/1.1 200 OK"
2026-03-24 13:04:16,372 - httpx - INFO - HTTP Request: POST https://api.telegram.org/bot8765987972:AAGa_S2CJ7BEd-FRbepslem8cPA3y3xZTwY/getUpdates "HTTP/1.1 200 OK"
2026-03-24 13:04:26,458 - httpx - INFO - HTTP Request: POST https://api.telegram.org/bot8765987972:AAGa_S2CJ7BEd-FRbepslem8cPA3y3xZTwY/getUpdates "HTTP/1.1 200 OK"
2026-03-24 13:04:36,547 - httpx - INFO - HTTP Request: POST https://api.telegram.org/bot8765987972:AAGa_S2CJ7BEd-FRbepslem8cPA3y3xZTwY/getUpdates "HTTP/1.1 200 OK"
2026-03-24 13:04:46,633 - httpx - INFO - HTTP Request: POST https://api.telegram.org/bot8765987972:AAGa_S2CJ7BEd-FRbepslem8cPA3y3xZTwY/getUpdates "HTTP/1.1 200 OK"
2026-03-24 13:04:56,719 - httpx - INFO - HTTP Request: POST https://api.telegram.org/bot8765987972:AAGa_S2CJ7BEd-FRbepslem8cPA3y3xZTwY/getUpdates "HTTP/1.1 200 OK"
2026-03-24 13:05:06,806 - httpx - INFO - HTTP Request: POST https://api.telegram.org/bot8765987972:AAGa_S2CJ7BEd-FRbepslem8cPA3y3xZTwY/getUpdates "HTTP/1.1 200 OK"
2026-03-24 13:05:16,919 - httpx - INFO - HTTP Request: POST https://api.telegram.org/bot8765987972:AAGa_S2CJ7BEd-FRbepslem8cPA3y3xZTwY/getUpdates "HTTP/1.1 200 OK"
2026-03-24 13:05:27,005 - httpx - INFO - HTTP Request: POST https://api.telegram.org/bot8765987972:AAGa_S2CJ7BEd-FRbepslem8cPA3y3xZTwY/getUpdates "HTTP/1.1 200 OK"
2026-03-24 13:05:37,092 - httpx - INFO - HTTP Request: POST https://api.telegram.org/bot8765987972:AAGa_S2CJ7BEd-FRbepslem8cPA3y3xZTwY/getUpdates "HTTP/1.1 200 OK"
2026-03-24 13:05:47,178 - httpx - INFO - HTTP Request: POST https://api.telegram.org/bot8765987972:AAGa_S2CJ7BEd-FRbepslem8cPA3y3xZTwY/getUpdates "HTTP/1.1 200 OK"
2026-03-24 13:05:57,266 - httpx - INFO - HTTP Request: POST https://api.telegram.org/bot8765987972:AAGa_S2CJ7BEd-FRbepslem8cPA3y3xZTwY/getUpdates "HTTP/1.1 200 OK"
2026-03-24 13:06:07,353 - httpx - INFO - HTTP Request: POST https://api.telegram.org/bot8765987972:AAGa_S2CJ7BEd-FRbepslem8cPA3y3xZTwY/getUpdates "HTTP/1.1 200 OK"
2026-03-24 13:06:17,441 - httpx - INFO - HTTP Request: POST https://api.telegram.org/bot8765987972:AAGa_S2CJ7BEd-FRbepslem8cPA3y3xZTwY/getUpdates "HTTP/1.1 200 OK"
2026-03-24 13:06:27,528 - httpx - INFO - HTTP Request: POST https://api.telegram.org/bot8765987972:AAGa_S2CJ7BEd-FRbepslem8cPA3y3xZTwY/getUpdates "HTTP/1.1 200 OK"
2026-03-24 13:06:37,615 - httpx - INFO - HTTP Request: POST https://api.telegram.org/bot8765987972:AAGa_S2CJ7BEd-FRbepslem8cPA3y3xZTwY/getUpdates "HTTP/1.1 200 OK"
2026-03-24 13:06:47,702 - httpx - INFO - HTTP Request: POST https://api.telegram.org/bot8765987972:AAGa_S2CJ7BEd-FRbepslem8cPA3y3xZTwY/getUpdates "HTTP/1.1 200 OK"
2026-03-24 13:06:57,787 - httpx - INFO - HTTP Request: POST https://api.telegram.org/bot8765987972:AAGa_S2CJ7BEd-FRbepslem8cPA3y3xZTwY/getUpdates "HTTP/1.1 200 OK"
2026-03-24 13:07:07,873 - httpx - INFO - HTTP Request: POST https://api.telegram.org/bot8765987972:AAGa_S2CJ7BEd-FRbepslem8cPA3y3xZTwY/getUpdates "HTTP/1.1 200 OK"
2026-03-24 13:07:17,958 - httpx - INFO - HTTP Request: POST https://api.telegram.org/bot8765987972:AAGa_S2CJ7BEd-FRbepslem8cPA3y3xZTwY/getUpdates "HTTP/1.1 200 OK"
2026-03-24 13:07:28,044 - httpx - INFO - HTTP Request: POST https://api.telegram.org/bot8765987972:AAGa_S2CJ7BEd-FRbepslem8cPA3y3xZTwY/getUpdates "HTTP/1.1 200 OK"
2026-03-24 13:07:38,131 - httpx - INFO - HTTP Request: POST https://api.telegram.org/bot8765987972:AAGa_S2CJ7BEd-FRbepslem8cPA3y3xZTwY/getUpdates "HTTP/1.1 200 OK"
2026-03-24 13:07:48,217 - httpx - INFO - HTTP Request: POST https://api.telegram.org/bot8765987972:AAGa_S2CJ7BEd-FRbepslem8cPA3y3xZTwY/getUpdates "HTTP/1.1 200 OK"
2026-03-24 13:07:58,303 - httpx - INFO - HTTP Request: POST https://api.telegram.org/bot8765987972:AAGa_S2CJ7BEd-FRbepslem8cPA3y3xZTwY/getUpdates "HTTP/1.1 200 OK"
2026-03-24 13:08:08,389 - httpx - INFO - HTTP Request: POST https://api.telegram.org/bot8765987972:AAGa_S2CJ7BEd-FRbepslem8cPA3y3xZTwY/getUpdates "HTTP/1.1 200 OK"
2026-03-24 13:08:18,475 - httpx - INFO - HTTP Request: POST https://api.telegram.org/bot8765987972:AAGa_S2CJ7BEd-FRbepslem8cPA3y3xZTwY/getUpdates "HTTP/1.1 200 OK"
2026-03-24 13:08:28,563 - httpx - INFO - HTTP Request: POST https://api.telegram.org/bot8765987972:AAGa_S2CJ7BEd-FRbepslem8cPA3y3xZTwY/getUpdates "HTTP/1.1 200 OK"
Bot is running... Press Ctrl+C to stop
